<?xml version="1.0" encoding="UTF-8"?>
<testsuite xmlns:xsi="http://www.w3.org/2001/XMLSchema-instance" xsi:noNamespaceSchemaLocation="https://maven.apache.org/surefire/maven-surefire-plugin/xsd/surefire-test-report.xsd" name="com.driver.tes.HydroInfoServiceTest" time="0.055" tests="2" errors="0" skipped="0" failures="0">
  <properties>
[...]
</properties>
  <testcase name="testStoreWaterLevelData" classname="com.driver.tes.HydroInfoServiceTest" time="0.039"/>
  <testcase name="testGetAllWaterLevels" classname="com.driver.tes.HydroInfoServiceTest" time="0"/>
</testsuite>